Analysis & Synthesis report for LAB4
Mon Nov 24 10:32:17 2025
Quartus II 64-Bit Version 13.0.1 Build 232 06/12/2013 Service Pack 1 SJ Web Edition


---------------------
; Table of Contents ;
---------------------
  1. Legal Notice
  2. Analysis & Synthesis Summary
  3. Analysis & Synthesis Settings
  4. Parallel Compilation
  5. Analysis & Synthesis Source Files Read
  6. Analysis & Synthesis Resource Usage Summary
  7. Analysis & Synthesis Resource Utilization by Entity
  8. General Register Statistics
  9. Elapsed Time Per Partition
 10. Analysis & Synthesis Messages



----------------
; Legal Notice ;
----------------
Copyright (C) 1991-2013 Altera Corporation
Your use of Altera Corporation's design tools, logic functions 
and other software and tools, and its AMPP partner logic 
functions, and any output files from any of the foregoing 
(including device programming or simulation files), and any 
associated documentation or information are expressly subject 
to the terms and conditions of the Altera Program License 
Subscription Agreement, Altera MegaCore Function License 
Agreement, or other applicable license agreement, including, 
without limitation, that your use is for the sole purpose of 
programming logic devices manufactured by Altera and sold by 
Altera or its authorized distributors.  Please refer to the 
applicable agreement for further details.



+--------------------------------------------------------------------------------------+
; Analysis & Synthesis Summary                                                         ;
+------------------------------------+-------------------------------------------------+
; Analysis & Synthesis Status        ; Successful - Mon Nov 24 10:32:17 2025           ;
; Quartus II 64-Bit Version          ; 13.0.1 Build 232 06/12/2013 SP 1 SJ Web Edition ;
; Revision Name                      ; LAB4                                            ;
; Top-level Entity Name              ; schemetic                                       ;
; Family                             ; Cyclone II                                      ;
; Total logic elements               ; 42                                              ;
;     Total combinational functions  ; 42                                              ;
;     Dedicated logic registers      ; 19                                              ;
; Total registers                    ; 19                                              ;
; Total pins                         ; 18                                              ;
; Total virtual pins                 ; 0                                               ;
; Total memory bits                  ; 0                                               ;
; Embedded Multiplier 9-bit elements ; 0                                               ;
; Total PLLs                         ; 0                                               ;
+------------------------------------+-------------------------------------------------+


+----------------------------------------------------------------------------------------------------------------------+
; Analysis & Synthesis Settings                                                                                        ;
+----------------------------------------------------------------------------+--------------------+--------------------+
; Option                                                                     ; Setting            ; Default Value      ;
+----------------------------------------------------------------------------+--------------------+--------------------+
; Device                                                                     ; EP2C35F672C6       ;                    ;
; Top-level entity name                                                      ; schemetic          ; LAB4               ;
; Family name                                                                ; Cyclone II         ; Cyclone IV GX      ;
; Use smart compilation                                                      ; Off                ; Off                ;
; Enable parallel Assembler and TimeQuest Timing Analyzer during compilation ; On                 ; On                 ;
; Enable compact report table                                                ; Off                ; Off                ;
; Restructure Multiplexers                                                   ; Auto               ; Auto               ;
; Create Debugging Nodes for IP Cores                                        ; Off                ; Off                ;
; Preserve fewer node names                                                  ; On                 ; On                 ;
; Disable OpenCore Plus hardware evaluation                                  ; Off                ; Off                ;
; Verilog Version                                                            ; Verilog_2001       ; Verilog_2001       ;
; VHDL Version                                                               ; VHDL_1993          ; VHDL_1993          ;
; State Machine Processing                                                   ; Auto               ; Auto               ;
; Safe State Machine                                                         ; Off                ; Off                ;
; Extract Verilog State Machines                                             ; On                 ; On                 ;
; Extract VHDL State Machines                                                ; On                 ; On                 ;
; Ignore Verilog initial constructs                                          ; Off                ; Off                ;
; Iteration limit for constant Verilog loops                                 ; 5000               ; 5000               ;
; Iteration limit for non-constant Verilog loops                             ; 250                ; 250                ;
; Add Pass-Through Logic to Inferred RAMs                                    ; On                 ; On                 ;
; Infer RAMs from Raw Logic                                                  ; On                 ; On                 ;
; Parallel Synthesis                                                         ; On                 ; On                 ;
; DSP Block Balancing                                                        ; Auto               ; Auto               ;
; NOT Gate Push-Back                                                         ; On                 ; On                 ;
; Power-Up Don't Care                                                        ; On                 ; On                 ;
; Remove Redundant Logic Cells                                               ; Off                ; Off                ;
; Remove Duplicate Registers                                                 ; On                 ; On                 ;
; Ignore CARRY Buffers                                                       ; Off                ; Off                ;
; Ignore CASCADE Buffers                                                     ; Off                ; Off                ;
; Ignore GLOBAL Buffers                                                      ; Off                ; Off                ;
; Ignore ROW GLOBAL Buffers                                                  ; Off                ; Off                ;
; Ignore LCELL Buffers                                                       ; Off                ; Off                ;
; Ignore SOFT Buffers                                                        ; On                 ; On                 ;
; Limit AHDL Integers to 32 Bits                                             ; Off                ; Off                ;
; Optimization Technique                                                     ; Balanced           ; Balanced           ;
; Carry Chain Length                                                         ; 70                 ; 70                 ;
; Auto Carry Chains                                                          ; On                 ; On                 ;
; Auto Open-Drain Pins                                                       ; On                 ; On                 ;
; Perform WYSIWYG Primitive Resynthesis                                      ; Off                ; Off                ;
; Auto ROM Replacement                                                       ; On                 ; On                 ;
; Auto RAM Replacement                                                       ; On                 ; On                 ;
; Auto Shift Register Replacement                                            ; Auto               ; Auto               ;
; Allow Shift Register Merging across Hierarchies                            ; Auto               ; Auto               ;
; Auto Clock Enable Replacement                                              ; On                 ; On                 ;
; Strict RAM Replacement                                                     ; Off                ; Off                ;
; Allow Synchronous Control Signals                                          ; On                 ; On                 ;
; Force Use of Synchronous Clear Signals                                     ; Off                ; Off                ;
; Auto RAM to Logic Cell Conversion                                          ; Off                ; Off                ;
; Auto Resource Sharing                                                      ; Off                ; Off                ;
; Allow Any RAM Size For Recognition                                         ; Off                ; Off                ;
; Allow Any ROM Size For Recognition                                         ; Off                ; Off                ;
; Allow Any Shift Register Size For Recognition                              ; Off                ; Off                ;
; Use LogicLock Constraints during Resource Balancing                        ; On                 ; On                 ;
; Ignore translate_off and synthesis_off directives                          ; Off                ; Off                ;
; Timing-Driven Synthesis                                                    ; Off                ; Off                ;
; Report Parameter Settings                                                  ; On                 ; On                 ;
; Report Source Assignments                                                  ; On                 ; On                 ;
; Report Connectivity Checks                                                 ; On                 ; On                 ;
; Ignore Maximum Fan-Out Assignments                                         ; Off                ; Off                ;
; Synchronization Register Chain Length                                      ; 2                  ; 2                  ;
; PowerPlay Power Optimization                                               ; Normal compilation ; Normal compilation ;
; HDL message level                                                          ; Level2             ; Level2             ;
; Suppress Register Optimization Related Messages                            ; Off                ; Off                ;
; Number of Removed Registers Reported in Synthesis Report                   ; 5000               ; 5000               ;
; Number of Swept Nodes Reported in Synthesis Report                         ; 5000               ; 5000               ;
; Number of Inverted Registers Reported in Synthesis Report                  ; 100                ; 100                ;
; Clock MUX Protection                                                       ; On                 ; On                 ;
; Auto Gated Clock Conversion                                                ; Off                ; Off                ;
; Block Design Naming                                                        ; Auto               ; Auto               ;
; SDC constraint protection                                                  ; Off                ; Off                ;
; Synthesis Effort                                                           ; Auto               ; Auto               ;
; Shift Register Replacement - Allow Asynchronous Clear Signal               ; On                 ; On                 ;
; Pre-Mapping Resynthesis Optimization                                       ; Off                ; Off                ;
; Analysis & Synthesis Message Level                                         ; Medium             ; Medium             ;
; Disable Register Merging Across Hierarchies                                ; Auto               ; Auto               ;
; Resource Aware Inference For Block RAM                                     ; On                 ; On                 ;
; Synthesis Seed                                                             ; 1                  ; 1                  ;
+----------------------------------------------------------------------------+--------------------+--------------------+


Parallel compilation was disabled, but you have multiple processors available. Enable parallel compilation to reduce compilation time.
+-------------------------------------+
; Parallel Compilation                ;
+----------------------------+--------+
; Processors                 ; Number ;
+----------------------------+--------+
; Number detected on machine ; 20     ;
; Maximum allowed            ; 1      ;
+----------------------------+--------+


+---------------------------------------------------------------------------------------------------------------------------------------------------+
; Analysis & Synthesis Source Files Read                                                                                                            ;
+----------------------------------+-----------------+------------------------------------+-----------------------------------------------+---------+
; File Name with User-Entered Path ; Used in Netlist ; File Type                          ; File Name with Absolute Path                  ; Library ;
+----------------------------------+-----------------+------------------------------------+-----------------------------------------------+---------+
; TRI8bit.bdf                      ; yes             ; User Block Diagram/Schematic File  ; D:/UIT/TKLLS/LAB4/TRI8bit.bdf                 ;         ;
; mux4to1.bdf                      ; yes             ; User Block Diagram/Schematic File  ; D:/UIT/TKLLS/LAB4/mux4to1.bdf                 ;         ;
; Mux2to1.bdf                      ; yes             ; User Block Diagram/Schematic File  ; D:/UIT/TKLLS/LAB4/Mux2to1.bdf                 ;         ;
; MUX8bit.bdf                      ; yes             ; User Block Diagram/Schematic File  ; D:/UIT/TKLLS/LAB4/MUX8bit.bdf                 ;         ;
; FullAdder.bdf                    ; yes             ; User Block Diagram/Schematic File  ; D:/UIT/TKLLS/LAB4/FullAdder.bdf               ;         ;
; Adder8bit.bdf                    ; yes             ; User Block Diagram/Schematic File  ; D:/UIT/TKLLS/LAB4/Adder8bit.bdf               ;         ;
; Acc.bdf                          ; yes             ; User Block Diagram/Schematic File  ; D:/UIT/TKLLS/LAB4/Acc.bdf                     ;         ;
; LAB4.bdf                         ; yes             ; User Block Diagram/Schematic File  ; D:/UIT/TKLLS/LAB4/LAB4.bdf                    ;         ;
; HAS.bdf                          ; yes             ; User Block Diagram/Schematic File  ; D:/UIT/TKLLS/LAB4/HAS.bdf                     ;         ;
; regcounter.bdf                   ; yes             ; User Block Diagram/Schematic File  ; D:/UIT/TKLLS/LAB4/regcounter.bdf              ;         ;
; output_files/nor8bit.bdf         ; yes             ; User Block Diagram/Schematic File  ; D:/UIT/TKLLS/LAB4/output_files/nor8bit.bdf    ;         ;
; output_files/controller.bdf      ; yes             ; User Block Diagram/Schematic File  ; D:/UIT/TKLLS/LAB4/output_files/controller.bdf ;         ;
; schemetic.bdf                    ; yes             ; User Block Diagram/Schematic File  ; D:/UIT/TKLLS/LAB4/schemetic.bdf               ;         ;
+----------------------------------+-----------------+------------------------------------+-----------------------------------------------+---------+


+-----------------------------------------------------+
; Analysis & Synthesis Resource Usage Summary         ;
+---------------------------------------------+-------+
; Resource                                    ; Usage ;
+---------------------------------------------+-------+
; Estimated Total logic elements              ; 42    ;
;                                             ;       ;
; Total combinational functions               ; 42    ;
; Logic element usage by number of LUT inputs ;       ;
;     -- 4 input functions                    ; 21    ;
;     -- 3 input functions                    ; 16    ;
;     -- <=2 input functions                  ; 5     ;
;                                             ;       ;
; Logic elements by mode                      ;       ;
;     -- normal mode                          ; 42    ;
;     -- arithmetic mode                      ; 0     ;
;                                             ;       ;
; Total registers                             ; 19    ;
;     -- Dedicated logic registers            ; 19    ;
;     -- I/O registers                        ; 0     ;
;                                             ;       ;
; I/O pins                                    ; 18    ;
; Embedded Multiplier 9-bit elements          ; 0     ;
; Maximum fan-out node                        ; CLK   ;
; Maximum fan-out                             ; 19    ;
; Total fan-out                               ; 203   ;
; Average fan-out                             ; 2.57  ;
+---------------------------------------------+-------+


+-----------------------------------------------------------------------------------------------------------------------------------------------------------------------------------------------------------------+
; Analysis & Synthesis Resource Utilization by Entity                                                                                                                                                             ;
+-----------------------------+-------------------+--------------+-------------+--------------+---------+-----------+------+--------------+--------------------------------------------------------+--------------+
; Compilation Hierarchy Node  ; LC Combinationals ; LC Registers ; Memory Bits ; DSP Elements ; DSP 9x9 ; DSP 18x18 ; Pins ; Virtual Pins ; Full Hierarchy Name                                    ; Library Name ;
+-----------------------------+-------------------+--------------+-------------+--------------+---------+-----------+------+--------------+--------------------------------------------------------+--------------+
; |schemetic                  ; 42 (0)            ; 19 (0)       ; 0           ; 0            ; 0       ; 0         ; 18   ; 0            ; |schemetic                                             ; work         ;
;    |LAB4:inst2|             ; 35 (0)            ; 16 (0)       ; 0           ; 0            ; 0       ; 0         ; 0    ; 0            ; |schemetic|LAB4:inst2                                  ; work         ;
;       |Acc:inst9|           ; 1 (1)             ; 8 (8)        ; 0           ; 0            ; 0       ; 0         ; 0    ; 0            ; |schemetic|LAB4:inst2|Acc:inst9                        ; work         ;
;       |Adder8bit:inst1|     ; 16 (0)            ; 0 (0)        ; 0           ; 0            ; 0       ; 0         ; 0    ; 0            ; |schemetic|LAB4:inst2|Adder8bit:inst1                  ; work         ;
;          |FullAdder:inst10| ; 2 (2)             ; 0 (0)        ; 0           ; 0            ; 0       ; 0         ; 0    ; 0            ; |schemetic|LAB4:inst2|Adder8bit:inst1|FullAdder:inst10 ; work         ;
;          |FullAdder:inst12| ; 2 (2)             ; 0 (0)        ; 0           ; 0            ; 0       ; 0         ; 0    ; 0            ; |schemetic|LAB4:inst2|Adder8bit:inst1|FullAdder:inst12 ; work         ;
;          |FullAdder:inst1|  ; 2 (2)             ; 0 (0)        ; 0           ; 0            ; 0       ; 0         ; 0    ; 0            ; |schemetic|LAB4:inst2|Adder8bit:inst1|FullAdder:inst1  ; work         ;
;          |FullAdder:inst2|  ; 5 (5)             ; 0 (0)        ; 0           ; 0            ; 0       ; 0         ; 0    ; 0            ; |schemetic|LAB4:inst2|Adder8bit:inst1|FullAdder:inst2  ; work         ;
;          |FullAdder:inst3|  ; 2 (2)             ; 0 (0)        ; 0           ; 0            ; 0       ; 0         ; 0    ; 0            ; |schemetic|LAB4:inst2|Adder8bit:inst1|FullAdder:inst3  ; work         ;
;          |FullAdder:inst8|  ; 1 (1)             ; 0 (0)        ; 0           ; 0            ; 0       ; 0         ; 0    ; 0            ; |schemetic|LAB4:inst2|Adder8bit:inst1|FullAdder:inst8  ; work         ;
;          |FullAdder:inst9|  ; 2 (2)             ; 0 (0)        ; 0           ; 0            ; 0       ; 0         ; 0    ; 0            ; |schemetic|LAB4:inst2|Adder8bit:inst1|FullAdder:inst9  ; work         ;
;       |nor8bit:inst5|       ; 2 (2)             ; 0 (0)        ; 0           ; 0            ; 0       ; 0         ; 0    ; 0            ; |schemetic|LAB4:inst2|nor8bit:inst5                    ; work         ;
;       |regcounter:inst13|   ; 16 (0)            ; 8 (8)        ; 0           ; 0            ; 0       ; 0         ; 0    ; 0            ; |schemetic|LAB4:inst2|regcounter:inst13                ; work         ;
;          |HAS:inst19|       ; 1 (1)             ; 0 (0)        ; 0           ; 0            ; 0       ; 0         ; 0    ; 0            ; |schemetic|LAB4:inst2|regcounter:inst13|HAS:inst19     ; work         ;
;          |HAS:inst25|       ; 2 (2)             ; 0 (0)        ; 0           ; 0            ; 0       ; 0         ; 0    ; 0            ; |schemetic|LAB4:inst2|regcounter:inst13|HAS:inst25     ; work         ;
;          |HAS:inst31|       ; 2 (2)             ; 0 (0)        ; 0           ; 0            ; 0       ; 0         ; 0    ; 0            ; |schemetic|LAB4:inst2|regcounter:inst13|HAS:inst31     ; work         ;
;          |HAS:inst34|       ; 1 (1)             ; 0 (0)        ; 0           ; 0            ; 0       ; 0         ; 0    ; 0            ; |schemetic|LAB4:inst2|regcounter:inst13|HAS:inst34     ; work         ;
;          |Mux2to1:inst16|   ; 1 (1)             ; 0 (0)        ; 0           ; 0            ; 0       ; 0         ; 0    ; 0            ; |schemetic|LAB4:inst2|regcounter:inst13|Mux2to1:inst16 ; work         ;
;          |Mux2to1:inst20|   ; 2 (2)             ; 0 (0)        ; 0           ; 0            ; 0       ; 0         ; 0    ; 0            ; |schemetic|LAB4:inst2|regcounter:inst13|Mux2to1:inst20 ; work         ;
;          |Mux2to1:inst23|   ; 1 (1)             ; 0 (0)        ; 0           ; 0            ; 0       ; 0         ; 0    ; 0            ; |schemetic|LAB4:inst2|regcounter:inst13|Mux2to1:inst23 ; work         ;
;          |Mux2to1:inst26|   ; 1 (1)             ; 0 (0)        ; 0           ; 0            ; 0       ; 0         ; 0    ; 0            ; |schemetic|LAB4:inst2|regcounter:inst13|Mux2to1:inst26 ; work         ;
;          |Mux2to1:inst29|   ; 2 (2)             ; 0 (0)        ; 0           ; 0            ; 0       ; 0         ; 0    ; 0            ; |schemetic|LAB4:inst2|regcounter:inst13|Mux2to1:inst29 ; work         ;
;          |Mux2to1:inst32|   ; 1 (1)             ; 0 (0)        ; 0           ; 0            ; 0       ; 0         ; 0    ; 0            ; |schemetic|LAB4:inst2|regcounter:inst13|Mux2to1:inst32 ; work         ;
;          |Mux2to1:inst35|   ; 1 (1)             ; 0 (0)        ; 0           ; 0            ; 0       ; 0         ; 0    ; 0            ; |schemetic|LAB4:inst2|regcounter:inst13|Mux2to1:inst35 ; work         ;
;          |Mux2to1:inst38|   ; 1 (1)             ; 0 (0)        ; 0           ; 0            ; 0       ; 0         ; 0    ; 0            ; |schemetic|LAB4:inst2|regcounter:inst13|Mux2to1:inst38 ; work         ;
;    |controller:inst|        ; 7 (7)             ; 3 (3)        ; 0           ; 0            ; 0       ; 0         ; 0    ; 0            ; |schemetic|controller:inst                             ; work         ;
+-----------------------------+-------------------+--------------+-------------+--------------+---------+-----------+------+--------------+--------------------------------------------------------+--------------+
Note: For table entries with two numbers listed, the numbers in parentheses indicate the number of resources of the given type used by the specific entity alone. The numbers listed outside of parentheses indicate the total resources of the given type used by the specific entity and all of its sub-entities in the hierarchy.


+------------------------------------------------------+
; General Register Statistics                          ;
+----------------------------------------------+-------+
; Statistic                                    ; Value ;
+----------------------------------------------+-------+
; Total registers                              ; 19    ;
; Number of registers using Synchronous Clear  ; 0     ;
; Number of registers using Synchronous Load   ; 0     ;
; Number of registers using Asynchronous Clear ; 0     ;
; Number of registers using Asynchronous Load  ; 0     ;
; Number of registers using Clock Enable       ; 7     ;
; Number of registers using Preset             ; 0     ;
+----------------------------------------------+-------+


+-------------------------------+
; Elapsed Time Per Partition    ;
+----------------+--------------+
; Partition Name ; Elapsed Time ;
+----------------+--------------+
; Top            ; 00:00:00     ;
+----------------+--------------+


+-------------------------------+
; Analysis & Synthesis Messages ;
+-------------------------------+
Info: *******************************************************************
Info: Running Quartus II 64-Bit Analysis & Synthesis
    Info: Version 13.0.1 Build 232 06/12/2013 Service Pack 1 SJ Web Edition
    Info: Processing started: Mon Nov 24 10:32:16 2025
Info: Command: quartus_map --read_settings_files=on --write_settings_files=off LAB4 -c LAB4
Warning (20028): Parallel compilation is not licensed and has been disabled
Info (12021): Found 1 design units, including 1 entities, in source file tri8bit.bdf
    Info (12023): Found entity 1: TRI8bit
Info (12021): Found 1 design units, including 1 entities, in source file mux4to1.bdf
    Info (12023): Found entity 1: mux4to1
Info (12021): Found 1 design units, including 1 entities, in source file mux2to1.bdf
    Info (12023): Found entity 1: Mux2to1
Info (12021): Found 1 design units, including 1 entities, in source file mux8bit.bdf
    Info (12023): Found entity 1: MUX8bit
Info (12021): Found 1 design units, including 1 entities, in source file fulladder.bdf
    Info (12023): Found entity 1: FullAdder
Info (12021): Found 1 design units, including 1 entities, in source file adder8bit.bdf
    Info (12023): Found entity 1: Adder8bit
Info (12021): Found 1 design units, including 1 entities, in source file acc.bdf
    Info (12023): Found entity 1: Acc
Info (12021): Found 1 design units, including 1 entities, in source file lab4.bdf
    Info (12023): Found entity 1: LAB4
Info (12021): Found 1 design units, including 1 entities, in source file has.bdf
    Info (12023): Found entity 1: HAS
Info (12021): Found 1 design units, including 1 entities, in source file regcounter.bdf
    Info (12023): Found entity 1: regcounter
Info (12021): Found 1 design units, including 1 entities, in source file output_files/nor8bit.bdf
    Info (12023): Found entity 1: nor8bit
Info (12021): Found 1 design units, including 1 entities, in source file output_files/controller.bdf
    Info (12023): Found entity 1: controller
Info (12021): Found 1 design units, including 1 entities, in source file schemetic.bdf
    Info (12023): Found entity 1: schemetic
Info (12127): Elaborating entity "schemetic" for the top level hierarchy
Info (12128): Elaborating entity "LAB4" for hierarchy "LAB4:inst2"
Info (12128): Elaborating entity "nor8bit" for hierarchy "LAB4:inst2|nor8bit:inst5"
Info (12128): Elaborating entity "regcounter" for hierarchy "LAB4:inst2|regcounter:inst13"
Info (12128): Elaborating entity "HAS" for hierarchy "LAB4:inst2|regcounter:inst13|HAS:inst"
Info (12128): Elaborating entity "Mux2to1" for hierarchy "LAB4:inst2|regcounter:inst13|Mux2to1:inst16"
Info (12128): Elaborating entity "TRI8bit" for hierarchy "LAB4:inst2|TRI8bit:inst3"
Info (12128): Elaborating entity "Acc" for hierarchy "LAB4:inst2|Acc:inst9"
Info (12128): Elaborating entity "mux4to1" for hierarchy "LAB4:inst2|Acc:inst9|mux4to1:inst12"
Info (12128): Elaborating entity "MUX8bit" for hierarchy "LAB4:inst2|MUX8bit:inst8"
Info (12128): Elaborating entity "Adder8bit" for hierarchy "LAB4:inst2|Adder8bit:inst1"
Info (12128): Elaborating entity "FullAdder" for hierarchy "LAB4:inst2|Adder8bit:inst1|FullAdder:inst1"
Info (12128): Elaborating entity "controller" for hierarchy "controller:inst"
Info (16010): Generating hard_block partition "hard_block:auto_generated_inst"
    Info (16011): Adding 0 node(s), including 0 DDIO, 0 PLL, 0 transceiver and 0 LCELL
Info (21057): Implemented 60 device resources after synthesis - the final resource count might be different
    Info (21058): Implemented 10 input pins
    Info (21059): Implemented 8 output pins
    Info (21061): Implemented 42 logic cells
Info: Quartus II 64-Bit Analysis & Synthesis was successful. 0 errors, 1 warning
    Info: Peak virtual memory: 4610 megabytes
    Info: Processing ended: Mon Nov 24 10:32:17 2025
    Info: Elapsed time: 00:00:01
    Info: Total CPU time (on all processors): 00:00:01


