Simulator report for LAB4
Mon Nov 24 10:37:28 2025
Quartus II 64-Bit Version 13.0.1 Build 232 06/12/2013 Service Pack 1 SJ Web Edition


---------------------
; Table of Contents ;
---------------------
  1. Legal Notice
  2. Simulator Summary
  3. Simulator Settings
  4. Simulation Waveforms
  5. Coverage Summary
  6. Complete 1/0-Value Coverage
  7. Missing 1-Value Coverage
  8. Missing 0-Value Coverage
  9. Simulator INI Usage
 10. Simulator Messages



----------------
; Legal Notice ;
----------------
Copyright (C) 1991-2013 Altera Corporation
Your use of Altera Corporation's design tools, logic functions 
and other software and tools, and its AMPP partner logic 
functions, and any output files from any of the foregoing 
(including device programming or simulation files), and any 
associated documentation or information are expressly subject 
to the terms and conditions of the Altera Program License 
Subscription Agreement, Altera MegaCore Function License 
Agreement, or other applicable license agreement, including, 
without limitation, that your use is for the sole purpose of 
programming logic devices manufactured by Altera and sold by 
Altera or its authorized distributors.  Please refer to the 
applicable agreement for further details.



+--------------------------------------------+
; Simulator Summary                          ;
+-----------------------------+--------------+
; Type                        ; Value        ;
+-----------------------------+--------------+
; Simulation Start Time       ; 0 ps         ;
; Simulation End Time         ; 1.0 us       ;
; Simulation Netlist Size     ; 174 nodes    ;
; Simulation Coverage         ;      54.02 % ;
; Total Number of Transitions ; 568          ;
; Simulation Breakpoints      ; 0            ;
; Family                      ; Cyclone II   ;
+-----------------------------+--------------+


+------------------------------------------------------------------------------------------------------------------------------------------------------+
; Simulator Settings                                                                                                                                   ;
+--------------------------------------------------------------------------------------------+-----------------------------------------+---------------+
; Option                                                                                     ; Setting                                 ; Default Value ;
+--------------------------------------------------------------------------------------------+-----------------------------------------+---------------+
; Simulation mode                                                                            ; Functional                              ; Timing        ;
; Start time                                                                                 ; 0 ns                                    ; 0 ns          ;
; Simulation results format                                                                  ; VWF                                     ;               ;
; Vector input source                                                                        ; D:/UIT/TKLLS/LAB4/output_files/test.vwf ;               ;
; Add pins automatically to simulation output waveforms                                      ; On                                      ; On            ;
; Check outputs                                                                              ; Off                                     ; Off           ;
; Report simulation coverage                                                                 ; On                                      ; On            ;
; Display complete 1/0 value coverage report                                                 ; On                                      ; On            ;
; Display missing 1-value coverage report                                                    ; On                                      ; On            ;
; Display missing 0-value coverage report                                                    ; On                                      ; On            ;
; Detect setup and hold time violations                                                      ; Off                                     ; Off           ;
; Detect glitches                                                                            ; Off                                     ; Off           ;
; Disable timing delays in Timing Simulation                                                 ; Off                                     ; Off           ;
; Generate Signal Activity File                                                              ; Off                                     ; Off           ;
; Generate VCD File for PowerPlay Power Analyzer                                             ; Off                                     ; Off           ;
; Group bus channels in simulation results                                                   ; Off                                     ; Off           ;
; Preserve fewer signal transitions to reduce memory requirements                            ; On                                      ; On            ;
; Trigger vector comparison with the specified mode                                          ; INPUT_EDGE                              ; INPUT_EDGE    ;
; Disable setup and hold time violations detection in input registers of bi-directional pins ; Off                                     ; Off           ;
; Overwrite Waveform Inputs With Simulation Outputs                                          ; Off                                     ;               ;
; Perform Glitch Filtering in Timing Simulation                                              ; Auto                                    ; Auto          ;
+--------------------------------------------------------------------------------------------+-----------------------------------------+---------------+


+----------------------+
; Simulation Waveforms ;
+----------------------+
Waveform report data cannot be output to ASCII.
Please use Quartus II 64-Bit to view the waveform report data.


+--------------------------------------------------------------------+
; Coverage Summary                                                   ;
+-----------------------------------------------------+--------------+
; Type                                                ; Value        ;
+-----------------------------------------------------+--------------+
; Total coverage as a percentage                      ;      54.02 % ;
; Total nodes checked                                 ; 174          ;
; Total output ports checked                          ; 174          ;
; Total output ports with complete 1/0-value coverage ; 94           ;
; Total output ports with no 1/0-value coverage       ; 38           ;
; Total output ports with no 1-value coverage         ; 54           ;
; Total output ports with no 0-value coverage         ; 64           ;
+-----------------------------------------------------+--------------+


The following table displays output ports that toggle between 1 and 0 during simulation.
+------------------------------------------------------------------------------------------------------------------------------------------------+
; Complete 1/0-Value Coverage                                                                                                                    ;
+--------------------------------------------------------------+--------------------------------------------------------------+------------------+
; Node Name                                                    ; Output Port Name                                             ; Output Port Type ;
+--------------------------------------------------------------+--------------------------------------------------------------+------------------+
; |schemetic|CLK                                               ; |schemetic|CLK                                               ; out              ;
; |schemetic|controller:inst|inst35                            ; |schemetic|controller:inst|inst35                            ; out0             ;
; |schemetic|controller:inst|inst46                            ; |schemetic|controller:inst|inst46                            ; regout           ;
; |schemetic|controller:inst|inst25                            ; |schemetic|controller:inst|inst25                            ; out0             ;
; |schemetic|controller:inst|inst23                            ; |schemetic|controller:inst|inst23                            ; regout           ;
; |schemetic|controller:inst|inst52                            ; |schemetic|controller:inst|inst52                            ; out0             ;
; |schemetic|controller:inst|inst                              ; |schemetic|controller:inst|inst                              ; out0             ;
; |schemetic|controller:inst|inst24                            ; |schemetic|controller:inst|inst24                            ; regout           ;
; |schemetic|controller:inst|inst32                            ; |schemetic|controller:inst|inst32                            ; out0             ;
; |schemetic|controller:inst|inst30                            ; |schemetic|controller:inst|inst30                            ; out0             ;
; |schemetic|controller:inst|inst51                            ; |schemetic|controller:inst|inst51                            ; out0             ;
; |schemetic|controller:inst|inst36                            ; |schemetic|controller:inst|inst36                            ; out0             ;
; |schemetic|controller:inst|inst37                            ; |schemetic|controller:inst|inst37                            ; out0             ;
; |schemetic|controller:inst|inst38                            ; |schemetic|controller:inst|inst38                            ; out0             ;
; |schemetic|LAB4:inst2|Adder8bit:inst1|FullAdder:inst12|inst1 ; |schemetic|LAB4:inst2|Adder8bit:inst1|FullAdder:inst12|inst1 ; out0             ;
; |schemetic|LAB4:inst2|Adder8bit:inst1|FullAdder:inst10|inst1 ; |schemetic|LAB4:inst2|Adder8bit:inst1|FullAdder:inst10|inst1 ; out0             ;
; |schemetic|LAB4:inst2|Adder8bit:inst1|FullAdder:inst3|inst1  ; |schemetic|LAB4:inst2|Adder8bit:inst1|FullAdder:inst3|inst1  ; out0             ;
; |schemetic|LAB4:inst2|Adder8bit:inst1|FullAdder:inst9|inst1  ; |schemetic|LAB4:inst2|Adder8bit:inst1|FullAdder:inst9|inst1  ; out0             ;
; |schemetic|LAB4:inst2|Adder8bit:inst1|FullAdder:inst2|inst1  ; |schemetic|LAB4:inst2|Adder8bit:inst1|FullAdder:inst2|inst1  ; out0             ;
; |schemetic|LAB4:inst2|Adder8bit:inst1|FullAdder:inst8|inst1  ; |schemetic|LAB4:inst2|Adder8bit:inst1|FullAdder:inst8|inst1  ; out0             ;
; |schemetic|LAB4:inst2|Adder8bit:inst1|FullAdder:inst8|inst   ; |schemetic|LAB4:inst2|Adder8bit:inst1|FullAdder:inst8|inst   ; out0             ;
; |schemetic|LAB4:inst2|Adder8bit:inst1|FullAdder:inst8|inst4  ; |schemetic|LAB4:inst2|Adder8bit:inst1|FullAdder:inst8|inst4  ; out0             ;
; |schemetic|LAB4:inst2|Adder8bit:inst1|FullAdder:inst8|inst2  ; |schemetic|LAB4:inst2|Adder8bit:inst1|FullAdder:inst8|inst2  ; out0             ;
; |schemetic|LAB4:inst2|Adder8bit:inst1|FullAdder:inst|inst    ; |schemetic|LAB4:inst2|Adder8bit:inst1|FullAdder:inst|inst    ; out0             ;
; |schemetic|LAB4:inst2|Adder8bit:inst1|FullAdder:inst|inst3   ; |schemetic|LAB4:inst2|Adder8bit:inst1|FullAdder:inst|inst3   ; out0             ;
; |schemetic|LAB4:inst2|Adder8bit:inst1|FullAdder:inst1|inst1  ; |schemetic|LAB4:inst2|Adder8bit:inst1|FullAdder:inst1|inst1  ; out0             ;
; |schemetic|LAB4:inst2|Adder8bit:inst1|FullAdder:inst1|inst   ; |schemetic|LAB4:inst2|Adder8bit:inst1|FullAdder:inst1|inst   ; out0             ;
; |schemetic|LAB4:inst2|Adder8bit:inst1|FullAdder:inst1|inst4  ; |schemetic|LAB4:inst2|Adder8bit:inst1|FullAdder:inst1|inst4  ; out0             ;
; |schemetic|LAB4:inst2|Adder8bit:inst1|FullAdder:inst1|inst3  ; |schemetic|LAB4:inst2|Adder8bit:inst1|FullAdder:inst1|inst3  ; out0             ;
; |schemetic|LAB4:inst2|MUX8bit:inst8|Mux2to1:inst7|inst       ; |schemetic|LAB4:inst2|MUX8bit:inst8|Mux2to1:inst7|inst       ; out0             ;
; |schemetic|LAB4:inst2|MUX8bit:inst8|Mux2to1:inst6|inst       ; |schemetic|LAB4:inst2|MUX8bit:inst8|Mux2to1:inst6|inst       ; out0             ;
; |schemetic|LAB4:inst2|MUX8bit:inst8|Mux2to1:inst5|inst       ; |schemetic|LAB4:inst2|MUX8bit:inst8|Mux2to1:inst5|inst       ; out0             ;
; |schemetic|LAB4:inst2|MUX8bit:inst8|Mux2to1:inst4|inst       ; |schemetic|LAB4:inst2|MUX8bit:inst8|Mux2to1:inst4|inst       ; out0             ;
; |schemetic|LAB4:inst2|MUX8bit:inst8|Mux2to1:inst3|inst       ; |schemetic|LAB4:inst2|MUX8bit:inst8|Mux2to1:inst3|inst       ; out0             ;
; |schemetic|LAB4:inst2|MUX8bit:inst8|Mux2to1:inst2|inst       ; |schemetic|LAB4:inst2|MUX8bit:inst8|Mux2to1:inst2|inst       ; out0             ;
; |schemetic|LAB4:inst2|MUX8bit:inst8|Mux2to1:inst1|inst       ; |schemetic|LAB4:inst2|MUX8bit:inst8|Mux2to1:inst1|inst       ; out0             ;
; |schemetic|LAB4:inst2|MUX8bit:inst8|Mux2to1:inst|inst        ; |schemetic|LAB4:inst2|MUX8bit:inst8|Mux2to1:inst|inst        ; out0             ;
; |schemetic|LAB4:inst2|Acc:inst9|inst8                        ; |schemetic|LAB4:inst2|Acc:inst9|inst8                        ; regout           ;
; |schemetic|LAB4:inst2|Acc:inst9|inst7                        ; |schemetic|LAB4:inst2|Acc:inst9|inst7                        ; regout           ;
; |schemetic|LAB4:inst2|Acc:inst9|mux4to1:inst1|inst6          ; |schemetic|LAB4:inst2|Acc:inst9|mux4to1:inst1|inst6          ; out0             ;
; |schemetic|LAB4:inst2|Acc:inst9|mux4to1:inst1|inst9          ; |schemetic|LAB4:inst2|Acc:inst9|mux4to1:inst1|inst9          ; out0             ;
; |schemetic|LAB4:inst2|Acc:inst9|mux4to1:inst1|inst10         ; |schemetic|LAB4:inst2|Acc:inst9|mux4to1:inst1|inst10         ; out0             ;
; |schemetic|LAB4:inst2|Acc:inst9|mux4to1:inst|inst6           ; |schemetic|LAB4:inst2|Acc:inst9|mux4to1:inst|inst6           ; out0             ;
; |schemetic|LAB4:inst2|Acc:inst9|mux4to1:inst|inst9           ; |schemetic|LAB4:inst2|Acc:inst9|mux4to1:inst|inst9           ; out0             ;
; |schemetic|LAB4:inst2|Acc:inst9|mux4to1:inst|inst10          ; |schemetic|LAB4:inst2|Acc:inst9|mux4to1:inst|inst10          ; out0             ;
; |schemetic|LAB4:inst2|Acc:inst9|mux4to1:inst2|inst9          ; |schemetic|LAB4:inst2|Acc:inst9|mux4to1:inst2|inst9          ; out0             ;
; |schemetic|LAB4:inst2|Acc:inst9|mux4to1:inst2|inst10         ; |schemetic|LAB4:inst2|Acc:inst9|mux4to1:inst2|inst10         ; out0             ;
; |schemetic|LAB4:inst2|regcounter:inst13|inst36               ; |schemetic|LAB4:inst2|regcounter:inst13|inst36               ; regout           ;
; |schemetic|LAB4:inst2|regcounter:inst13|inst39               ; |schemetic|LAB4:inst2|regcounter:inst13|inst39               ; regout           ;
; |schemetic|LAB4:inst2|regcounter:inst13|Mux2to1:inst38|inst2 ; |schemetic|LAB4:inst2|regcounter:inst13|Mux2to1:inst38|inst2 ; out0             ;
; |schemetic|LAB4:inst2|regcounter:inst13|Mux2to1:inst38|inst1 ; |schemetic|LAB4:inst2|regcounter:inst13|Mux2to1:inst38|inst1 ; out0             ;
; |schemetic|LAB4:inst2|regcounter:inst13|Mux2to1:inst38|inst  ; |schemetic|LAB4:inst2|regcounter:inst13|Mux2to1:inst38|inst  ; out0             ;
; |schemetic|LAB4:inst2|regcounter:inst13|Mux2to1:inst35|inst2 ; |schemetic|LAB4:inst2|regcounter:inst13|Mux2to1:inst35|inst2 ; out0             ;
; |schemetic|LAB4:inst2|regcounter:inst13|Mux2to1:inst35|inst1 ; |schemetic|LAB4:inst2|regcounter:inst13|Mux2to1:inst35|inst1 ; out0             ;
; |schemetic|LAB4:inst2|regcounter:inst13|Mux2to1:inst35|inst  ; |schemetic|LAB4:inst2|regcounter:inst13|Mux2to1:inst35|inst  ; out0             ;
; |schemetic|LAB4:inst2|regcounter:inst13|Mux2to1:inst32|inst2 ; |schemetic|LAB4:inst2|regcounter:inst13|Mux2to1:inst32|inst2 ; out0             ;
; |schemetic|LAB4:inst2|regcounter:inst13|Mux2to1:inst32|inst  ; |schemetic|LAB4:inst2|regcounter:inst13|Mux2to1:inst32|inst  ; out0             ;
; |schemetic|LAB4:inst2|regcounter:inst13|Mux2to1:inst29|inst2 ; |schemetic|LAB4:inst2|regcounter:inst13|Mux2to1:inst29|inst2 ; out0             ;
; |schemetic|LAB4:inst2|regcounter:inst13|Mux2to1:inst29|inst  ; |schemetic|LAB4:inst2|regcounter:inst13|Mux2to1:inst29|inst  ; out0             ;
; |schemetic|LAB4:inst2|regcounter:inst13|Mux2to1:inst26|inst2 ; |schemetic|LAB4:inst2|regcounter:inst13|Mux2to1:inst26|inst2 ; out0             ;
; |schemetic|LAB4:inst2|regcounter:inst13|Mux2to1:inst26|inst  ; |schemetic|LAB4:inst2|regcounter:inst13|Mux2to1:inst26|inst  ; out0             ;
; |schemetic|LAB4:inst2|regcounter:inst13|Mux2to1:inst23|inst2 ; |schemetic|LAB4:inst2|regcounter:inst13|Mux2to1:inst23|inst2 ; out0             ;
; |schemetic|LAB4:inst2|regcounter:inst13|Mux2to1:inst23|inst  ; |schemetic|LAB4:inst2|regcounter:inst13|Mux2to1:inst23|inst  ; out0             ;
; |schemetic|LAB4:inst2|regcounter:inst13|Mux2to1:inst20|inst2 ; |schemetic|LAB4:inst2|regcounter:inst13|Mux2to1:inst20|inst2 ; out0             ;
; |schemetic|LAB4:inst2|regcounter:inst13|Mux2to1:inst20|inst  ; |schemetic|LAB4:inst2|regcounter:inst13|Mux2to1:inst20|inst  ; out0             ;
; |schemetic|LAB4:inst2|regcounter:inst13|Mux2to1:inst16|inst2 ; |schemetic|LAB4:inst2|regcounter:inst13|Mux2to1:inst16|inst2 ; out0             ;
; |schemetic|LAB4:inst2|regcounter:inst13|Mux2to1:inst16|inst  ; |schemetic|LAB4:inst2|regcounter:inst13|Mux2to1:inst16|inst  ; out0             ;
; |schemetic|LAB4:inst2|regcounter:inst13|HAS:inst37|inst3     ; |schemetic|LAB4:inst2|regcounter:inst13|HAS:inst37|inst3     ; out0             ;
; |schemetic|LAB4:inst2|regcounter:inst13|HAS:inst37|inst      ; |schemetic|LAB4:inst2|regcounter:inst13|HAS:inst37|inst      ; out0             ;
; |schemetic|LAB4:inst2|regcounter:inst13|HAS:inst34|inst3     ; |schemetic|LAB4:inst2|regcounter:inst13|HAS:inst34|inst3     ; out0             ;
; |schemetic|LAB4:inst2|regcounter:inst13|HAS:inst34|inst2     ; |schemetic|LAB4:inst2|regcounter:inst13|HAS:inst34|inst2     ; out0             ;
; |schemetic|LAB4:inst2|regcounter:inst13|HAS:inst34|inst      ; |schemetic|LAB4:inst2|regcounter:inst13|HAS:inst34|inst      ; out0             ;
; |schemetic|LAB4:inst2|regcounter:inst13|HAS:inst31|inst3     ; |schemetic|LAB4:inst2|regcounter:inst13|HAS:inst31|inst3     ; out0             ;
; |schemetic|LAB4:inst2|regcounter:inst13|HAS:inst31|inst2     ; |schemetic|LAB4:inst2|regcounter:inst13|HAS:inst31|inst2     ; out0             ;
; |schemetic|LAB4:inst2|regcounter:inst13|HAS:inst31|inst1     ; |schemetic|LAB4:inst2|regcounter:inst13|HAS:inst31|inst1     ; out0             ;
; |schemetic|LAB4:inst2|regcounter:inst13|HAS:inst31|inst      ; |schemetic|LAB4:inst2|regcounter:inst13|HAS:inst31|inst      ; out0             ;
; |schemetic|LAB4:inst2|regcounter:inst13|HAS:inst28|inst3     ; |schemetic|LAB4:inst2|regcounter:inst13|HAS:inst28|inst3     ; out0             ;
; |schemetic|LAB4:inst2|regcounter:inst13|HAS:inst28|inst2     ; |schemetic|LAB4:inst2|regcounter:inst13|HAS:inst28|inst2     ; out0             ;
; |schemetic|LAB4:inst2|regcounter:inst13|HAS:inst28|inst1     ; |schemetic|LAB4:inst2|regcounter:inst13|HAS:inst28|inst1     ; out0             ;
; |schemetic|LAB4:inst2|regcounter:inst13|HAS:inst28|inst      ; |schemetic|LAB4:inst2|regcounter:inst13|HAS:inst28|inst      ; out0             ;
; |schemetic|LAB4:inst2|regcounter:inst13|HAS:inst25|inst3     ; |schemetic|LAB4:inst2|regcounter:inst13|HAS:inst25|inst3     ; out0             ;
; |schemetic|LAB4:inst2|regcounter:inst13|HAS:inst25|inst2     ; |schemetic|LAB4:inst2|regcounter:inst13|HAS:inst25|inst2     ; out0             ;
; |schemetic|LAB4:inst2|regcounter:inst13|HAS:inst25|inst1     ; |schemetic|LAB4:inst2|regcounter:inst13|HAS:inst25|inst1     ; out0             ;
; |schemetic|LAB4:inst2|regcounter:inst13|HAS:inst25|inst      ; |schemetic|LAB4:inst2|regcounter:inst13|HAS:inst25|inst      ; out0             ;
; |schemetic|LAB4:inst2|regcounter:inst13|HAS:inst22|inst3     ; |schemetic|LAB4:inst2|regcounter:inst13|HAS:inst22|inst3     ; out0             ;
; |schemetic|LAB4:inst2|regcounter:inst13|HAS:inst22|inst2     ; |schemetic|LAB4:inst2|regcounter:inst13|HAS:inst22|inst2     ; out0             ;
; |schemetic|LAB4:inst2|regcounter:inst13|HAS:inst22|inst1     ; |schemetic|LAB4:inst2|regcounter:inst13|HAS:inst22|inst1     ; out0             ;
; |schemetic|LAB4:inst2|regcounter:inst13|HAS:inst22|inst      ; |schemetic|LAB4:inst2|regcounter:inst13|HAS:inst22|inst      ; out0             ;
; |schemetic|LAB4:inst2|regcounter:inst13|HAS:inst19|inst3     ; |schemetic|LAB4:inst2|regcounter:inst13|HAS:inst19|inst3     ; out0             ;
; |schemetic|LAB4:inst2|regcounter:inst13|HAS:inst19|inst2     ; |schemetic|LAB4:inst2|regcounter:inst13|HAS:inst19|inst2     ; out0             ;
; |schemetic|LAB4:inst2|regcounter:inst13|HAS:inst19|inst1     ; |schemetic|LAB4:inst2|regcounter:inst13|HAS:inst19|inst1     ; out0             ;
; |schemetic|LAB4:inst2|regcounter:inst13|HAS:inst19|inst      ; |schemetic|LAB4:inst2|regcounter:inst13|HAS:inst19|inst      ; out0             ;
; |schemetic|LAB4:inst2|regcounter:inst13|HAS:inst|inst3       ; |schemetic|LAB4:inst2|regcounter:inst13|HAS:inst|inst3       ; out0             ;
; |schemetic|LAB4:inst2|nor8bit:inst5|inst1                    ; |schemetic|LAB4:inst2|nor8bit:inst5|inst1                    ; out0             ;
+--------------------------------------------------------------+--------------------------------------------------------------+------------------+


The following table displays output ports that do not toggle to 1 during simulation.
+------------------------------------------------------------------------------------------------------------------------------------------------+
; Missing 1-Value Coverage                                                                                                                       ;
+--------------------------------------------------------------+--------------------------------------------------------------+------------------+
; Node Name                                                    ; Output Port Name                                             ; Output Port Type ;
+--------------------------------------------------------------+--------------------------------------------------------------+------------------+
; |schemetic|Output[0]                                         ; |schemetic|Output[0]                                         ; pin_out          ;
; |schemetic|Output[3]                                         ; |schemetic|Output[3]                                         ; pin_out          ;
; |schemetic|Output[4]                                         ; |schemetic|Output[4]                                         ; pin_out          ;
; |schemetic|Output[5]                                         ; |schemetic|Output[5]                                         ; pin_out          ;
; |schemetic|Output[6]                                         ; |schemetic|Output[6]                                         ; pin_out          ;
; |schemetic|Output[7]                                         ; |schemetic|Output[7]                                         ; pin_out          ;
; |schemetic|start                                             ; |schemetic|start                                             ; out              ;
; |schemetic|Input[0]                                          ; |schemetic|Input[0]                                          ; out              ;
; |schemetic|Input[1]                                          ; |schemetic|Input[1]                                          ; out              ;
; |schemetic|Input[2]                                          ; |schemetic|Input[2]                                          ; out              ;
; |schemetic|Input[3]                                          ; |schemetic|Input[3]                                          ; out              ;
; |schemetic|Input[4]                                          ; |schemetic|Input[4]                                          ; out              ;
; |schemetic|Input[5]                                          ; |schemetic|Input[5]                                          ; out              ;
; |schemetic|Input[6]                                          ; |schemetic|Input[6]                                          ; out              ;
; |schemetic|Input[7]                                          ; |schemetic|Input[7]                                          ; out              ;
; |schemetic|controller:inst|inst33                            ; |schemetic|controller:inst|inst33                            ; out0             ;
; |schemetic|LAB4:inst2|Adder8bit:inst1|FullAdder:inst10|inst3 ; |schemetic|LAB4:inst2|Adder8bit:inst1|FullAdder:inst10|inst3 ; out0             ;
; |schemetic|LAB4:inst2|Adder8bit:inst1|FullAdder:inst3|inst3  ; |schemetic|LAB4:inst2|Adder8bit:inst1|FullAdder:inst3|inst3  ; out0             ;
; |schemetic|LAB4:inst2|Adder8bit:inst1|FullAdder:inst9|inst3  ; |schemetic|LAB4:inst2|Adder8bit:inst1|FullAdder:inst9|inst3  ; out0             ;
; |schemetic|LAB4:inst2|Adder8bit:inst1|FullAdder:inst2|inst3  ; |schemetic|LAB4:inst2|Adder8bit:inst1|FullAdder:inst2|inst3  ; out0             ;
; |schemetic|LAB4:inst2|Adder8bit:inst1|FullAdder:inst1|inst2  ; |schemetic|LAB4:inst2|Adder8bit:inst1|FullAdder:inst1|inst2  ; out0             ;
; |schemetic|LAB4:inst2|Acc:inst9|inst17                       ; |schemetic|LAB4:inst2|Acc:inst9|inst17                       ; regout           ;
; |schemetic|LAB4:inst2|Acc:inst9|inst16                       ; |schemetic|LAB4:inst2|Acc:inst9|inst16                       ; regout           ;
; |schemetic|LAB4:inst2|Acc:inst9|inst15                       ; |schemetic|LAB4:inst2|Acc:inst9|inst15                       ; regout           ;
; |schemetic|LAB4:inst2|Acc:inst9|inst14                       ; |schemetic|LAB4:inst2|Acc:inst9|inst14                       ; regout           ;
; |schemetic|LAB4:inst2|Acc:inst9|inst5                        ; |schemetic|LAB4:inst2|Acc:inst9|inst5                        ; regout           ;
; |schemetic|LAB4:inst2|Acc:inst9|mux4to1:inst3|inst6          ; |schemetic|LAB4:inst2|Acc:inst9|mux4to1:inst3|inst6          ; out0             ;
; |schemetic|LAB4:inst2|Acc:inst9|mux4to1:inst3|inst9          ; |schemetic|LAB4:inst2|Acc:inst9|mux4to1:inst3|inst9          ; out0             ;
; |schemetic|LAB4:inst2|Acc:inst9|mux4to1:inst3|inst10         ; |schemetic|LAB4:inst2|Acc:inst9|mux4to1:inst3|inst10         ; out0             ;
; |schemetic|LAB4:inst2|Acc:inst9|mux4to1:inst9|inst6          ; |schemetic|LAB4:inst2|Acc:inst9|mux4to1:inst9|inst6          ; out0             ;
; |schemetic|LAB4:inst2|Acc:inst9|mux4to1:inst9|inst9          ; |schemetic|LAB4:inst2|Acc:inst9|mux4to1:inst9|inst9          ; out0             ;
; |schemetic|LAB4:inst2|Acc:inst9|mux4to1:inst9|inst10         ; |schemetic|LAB4:inst2|Acc:inst9|mux4to1:inst9|inst10         ; out0             ;
; |schemetic|LAB4:inst2|Acc:inst9|mux4to1:inst10|inst6         ; |schemetic|LAB4:inst2|Acc:inst9|mux4to1:inst10|inst6         ; out0             ;
; |schemetic|LAB4:inst2|Acc:inst9|mux4to1:inst10|inst9         ; |schemetic|LAB4:inst2|Acc:inst9|mux4to1:inst10|inst9         ; out0             ;
; |schemetic|LAB4:inst2|Acc:inst9|mux4to1:inst10|inst10        ; |schemetic|LAB4:inst2|Acc:inst9|mux4to1:inst10|inst10        ; out0             ;
; |schemetic|LAB4:inst2|Acc:inst9|mux4to1:inst11|inst6         ; |schemetic|LAB4:inst2|Acc:inst9|mux4to1:inst11|inst6         ; out0             ;
; |schemetic|LAB4:inst2|Acc:inst9|mux4to1:inst11|inst9         ; |schemetic|LAB4:inst2|Acc:inst9|mux4to1:inst11|inst9         ; out0             ;
; |schemetic|LAB4:inst2|Acc:inst9|mux4to1:inst11|inst10        ; |schemetic|LAB4:inst2|Acc:inst9|mux4to1:inst11|inst10        ; out0             ;
; |schemetic|LAB4:inst2|Acc:inst9|mux4to1:inst12|inst6         ; |schemetic|LAB4:inst2|Acc:inst9|mux4to1:inst12|inst6         ; out0             ;
; |schemetic|LAB4:inst2|Acc:inst9|mux4to1:inst12|inst9         ; |schemetic|LAB4:inst2|Acc:inst9|mux4to1:inst12|inst9         ; out0             ;
; |schemetic|LAB4:inst2|Acc:inst9|mux4to1:inst12|inst10        ; |schemetic|LAB4:inst2|Acc:inst9|mux4to1:inst12|inst10        ; out0             ;
; |schemetic|LAB4:inst2|TRI8bit:inst3|inst                     ; |schemetic|LAB4:inst2|TRI8bit:inst3|inst                     ; out              ;
; |schemetic|LAB4:inst2|TRI8bit:inst3|inst3                    ; |schemetic|LAB4:inst2|TRI8bit:inst3|inst3                    ; out              ;
; |schemetic|LAB4:inst2|TRI8bit:inst3|inst4                    ; |schemetic|LAB4:inst2|TRI8bit:inst3|inst4                    ; out              ;
; |schemetic|LAB4:inst2|TRI8bit:inst3|inst5                    ; |schemetic|LAB4:inst2|TRI8bit:inst3|inst5                    ; out              ;
; |schemetic|LAB4:inst2|TRI8bit:inst3|inst6                    ; |schemetic|LAB4:inst2|TRI8bit:inst3|inst6                    ; out              ;
; |schemetic|LAB4:inst2|TRI8bit:inst3|inst7                    ; |schemetic|LAB4:inst2|TRI8bit:inst3|inst7                    ; out              ;
; |schemetic|LAB4:inst2|regcounter:inst13|Mux2to1:inst32|inst1 ; |schemetic|LAB4:inst2|regcounter:inst13|Mux2to1:inst32|inst1 ; out0             ;
; |schemetic|LAB4:inst2|regcounter:inst13|Mux2to1:inst29|inst1 ; |schemetic|LAB4:inst2|regcounter:inst13|Mux2to1:inst29|inst1 ; out0             ;
; |schemetic|LAB4:inst2|regcounter:inst13|Mux2to1:inst26|inst1 ; |schemetic|LAB4:inst2|regcounter:inst13|Mux2to1:inst26|inst1 ; out0             ;
; |schemetic|LAB4:inst2|regcounter:inst13|Mux2to1:inst23|inst1 ; |schemetic|LAB4:inst2|regcounter:inst13|Mux2to1:inst23|inst1 ; out0             ;
; |schemetic|LAB4:inst2|regcounter:inst13|Mux2to1:inst20|inst1 ; |schemetic|LAB4:inst2|regcounter:inst13|Mux2to1:inst20|inst1 ; out0             ;
; |schemetic|LAB4:inst2|regcounter:inst13|Mux2to1:inst16|inst1 ; |schemetic|LAB4:inst2|regcounter:inst13|Mux2to1:inst16|inst1 ; out0             ;
; |schemetic|LAB4:inst2|regcounter:inst13|HAS:inst34|inst1     ; |schemetic|LAB4:inst2|regcounter:inst13|HAS:inst34|inst1     ; out0             ;
+--------------------------------------------------------------+--------------------------------------------------------------+------------------+


The following table displays output ports that do not toggle to 0 during simulation.
+------------------------------------------------------------------------------------------------------------------------------------------------+
; Missing 0-Value Coverage                                                                                                                       ;
+--------------------------------------------------------------+--------------------------------------------------------------+------------------+
; Node Name                                                    ; Output Port Name                                             ; Output Port Type ;
+--------------------------------------------------------------+--------------------------------------------------------------+------------------+
; |schemetic|Output[1]                                         ; |schemetic|Output[1]                                         ; pin_out          ;
; |schemetic|Output[2]                                         ; |schemetic|Output[2]                                         ; pin_out          ;
; |schemetic|Input[2]                                          ; |schemetic|Input[2]                                          ; out              ;
; |schemetic|Input[3]                                          ; |schemetic|Input[3]                                          ; out              ;
; |schemetic|Input[4]                                          ; |schemetic|Input[4]                                          ; out              ;
; |schemetic|Input[5]                                          ; |schemetic|Input[5]                                          ; out              ;
; |schemetic|Input[6]                                          ; |schemetic|Input[6]                                          ; out              ;
; |schemetic|Input[7]                                          ; |schemetic|Input[7]                                          ; out              ;
; |schemetic|LAB4:inst2|Adder8bit:inst1|FullAdder:inst12|inst  ; |schemetic|LAB4:inst2|Adder8bit:inst1|FullAdder:inst12|inst  ; out0             ;
; |schemetic|LAB4:inst2|Adder8bit:inst1|FullAdder:inst10|inst  ; |schemetic|LAB4:inst2|Adder8bit:inst1|FullAdder:inst10|inst  ; out0             ;
; |schemetic|LAB4:inst2|Adder8bit:inst1|FullAdder:inst10|inst4 ; |schemetic|LAB4:inst2|Adder8bit:inst1|FullAdder:inst10|inst4 ; out0             ;
; |schemetic|LAB4:inst2|Adder8bit:inst1|FullAdder:inst10|inst3 ; |schemetic|LAB4:inst2|Adder8bit:inst1|FullAdder:inst10|inst3 ; out0             ;
; |schemetic|LAB4:inst2|Adder8bit:inst1|FullAdder:inst10|inst2 ; |schemetic|LAB4:inst2|Adder8bit:inst1|FullAdder:inst10|inst2 ; out0             ;
; |schemetic|LAB4:inst2|Adder8bit:inst1|FullAdder:inst3|inst   ; |schemetic|LAB4:inst2|Adder8bit:inst1|FullAdder:inst3|inst   ; out0             ;
; |schemetic|LAB4:inst2|Adder8bit:inst1|FullAdder:inst3|inst4  ; |schemetic|LAB4:inst2|Adder8bit:inst1|FullAdder:inst3|inst4  ; out0             ;
; |schemetic|LAB4:inst2|Adder8bit:inst1|FullAdder:inst3|inst3  ; |schemetic|LAB4:inst2|Adder8bit:inst1|FullAdder:inst3|inst3  ; out0             ;
; |schemetic|LAB4:inst2|Adder8bit:inst1|FullAdder:inst3|inst2  ; |schemetic|LAB4:inst2|Adder8bit:inst1|FullAdder:inst3|inst2  ; out0             ;
; |schemetic|LAB4:inst2|Adder8bit:inst1|FullAdder:inst9|inst   ; |schemetic|LAB4:inst2|Adder8bit:inst1|FullAdder:inst9|inst   ; out0             ;
; |schemetic|LAB4:inst2|Adder8bit:inst1|FullAdder:inst9|inst4  ; |schemetic|LAB4:inst2|Adder8bit:inst1|FullAdder:inst9|inst4  ; out0             ;
; |schemetic|LAB4:inst2|Adder8bit:inst1|FullAdder:inst9|inst3  ; |schemetic|LAB4:inst2|Adder8bit:inst1|FullAdder:inst9|inst3  ; out0             ;
; |schemetic|LAB4:inst2|Adder8bit:inst1|FullAdder:inst9|inst2  ; |schemetic|LAB4:inst2|Adder8bit:inst1|FullAdder:inst9|inst2  ; out0             ;
; |schemetic|LAB4:inst2|Adder8bit:inst1|FullAdder:inst2|inst   ; |schemetic|LAB4:inst2|Adder8bit:inst1|FullAdder:inst2|inst   ; out0             ;
; |schemetic|LAB4:inst2|Adder8bit:inst1|FullAdder:inst2|inst4  ; |schemetic|LAB4:inst2|Adder8bit:inst1|FullAdder:inst2|inst4  ; out0             ;
; |schemetic|LAB4:inst2|Adder8bit:inst1|FullAdder:inst2|inst3  ; |schemetic|LAB4:inst2|Adder8bit:inst1|FullAdder:inst2|inst3  ; out0             ;
; |schemetic|LAB4:inst2|Adder8bit:inst1|FullAdder:inst2|inst2  ; |schemetic|LAB4:inst2|Adder8bit:inst1|FullAdder:inst2|inst2  ; out0             ;
; |schemetic|LAB4:inst2|Adder8bit:inst1|FullAdder:inst8|inst3  ; |schemetic|LAB4:inst2|Adder8bit:inst1|FullAdder:inst8|inst3  ; out0             ;
; |schemetic|LAB4:inst2|Adder8bit:inst1|FullAdder:inst1|inst2  ; |schemetic|LAB4:inst2|Adder8bit:inst1|FullAdder:inst1|inst2  ; out0             ;
; |schemetic|LAB4:inst2|Acc:inst9|inst17                       ; |schemetic|LAB4:inst2|Acc:inst9|inst17                       ; regout           ;
; |schemetic|LAB4:inst2|Acc:inst9|inst16                       ; |schemetic|LAB4:inst2|Acc:inst9|inst16                       ; regout           ;
; |schemetic|LAB4:inst2|Acc:inst9|inst15                       ; |schemetic|LAB4:inst2|Acc:inst9|inst15                       ; regout           ;
; |schemetic|LAB4:inst2|Acc:inst9|inst14                       ; |schemetic|LAB4:inst2|Acc:inst9|inst14                       ; regout           ;
; |schemetic|LAB4:inst2|Acc:inst9|inst5                        ; |schemetic|LAB4:inst2|Acc:inst9|inst5                        ; regout           ;
; |schemetic|LAB4:inst2|Acc:inst9|inst6                        ; |schemetic|LAB4:inst2|Acc:inst9|inst6                        ; regout           ;
; |schemetic|LAB4:inst2|Acc:inst9|mux4to1:inst2|inst6          ; |schemetic|LAB4:inst2|Acc:inst9|mux4to1:inst2|inst6          ; out0             ;
; |schemetic|LAB4:inst2|Acc:inst9|mux4to1:inst3|inst6          ; |schemetic|LAB4:inst2|Acc:inst9|mux4to1:inst3|inst6          ; out0             ;
; |schemetic|LAB4:inst2|Acc:inst9|mux4to1:inst3|inst9          ; |schemetic|LAB4:inst2|Acc:inst9|mux4to1:inst3|inst9          ; out0             ;
; |schemetic|LAB4:inst2|Acc:inst9|mux4to1:inst3|inst10         ; |schemetic|LAB4:inst2|Acc:inst9|mux4to1:inst3|inst10         ; out0             ;
; |schemetic|LAB4:inst2|Acc:inst9|mux4to1:inst9|inst6          ; |schemetic|LAB4:inst2|Acc:inst9|mux4to1:inst9|inst6          ; out0             ;
; |schemetic|LAB4:inst2|Acc:inst9|mux4to1:inst9|inst9          ; |schemetic|LAB4:inst2|Acc:inst9|mux4to1:inst9|inst9          ; out0             ;
; |schemetic|LAB4:inst2|Acc:inst9|mux4to1:inst9|inst10         ; |schemetic|LAB4:inst2|Acc:inst9|mux4to1:inst9|inst10         ; out0             ;
; |schemetic|LAB4:inst2|Acc:inst9|mux4to1:inst10|inst6         ; |schemetic|LAB4:inst2|Acc:inst9|mux4to1:inst10|inst6         ; out0             ;
; |schemetic|LAB4:inst2|Acc:inst9|mux4to1:inst10|inst9         ; |schemetic|LAB4:inst2|Acc:inst9|mux4to1:inst10|inst9         ; out0             ;
; |schemetic|LAB4:inst2|Acc:inst9|mux4to1:inst10|inst10        ; |schemetic|LAB4:inst2|Acc:inst9|mux4to1:inst10|inst10        ; out0             ;
; |schemetic|LAB4:inst2|Acc:inst9|mux4to1:inst11|inst6         ; |schemetic|LAB4:inst2|Acc:inst9|mux4to1:inst11|inst6         ; out0             ;
; |schemetic|LAB4:inst2|Acc:inst9|mux4to1:inst11|inst9         ; |schemetic|LAB4:inst2|Acc:inst9|mux4to1:inst11|inst9         ; out0             ;
; |schemetic|LAB4:inst2|Acc:inst9|mux4to1:inst11|inst10        ; |schemetic|LAB4:inst2|Acc:inst9|mux4to1:inst11|inst10        ; out0             ;
; |schemetic|LAB4:inst2|Acc:inst9|mux4to1:inst12|inst6         ; |schemetic|LAB4:inst2|Acc:inst9|mux4to1:inst12|inst6         ; out0             ;
; |schemetic|LAB4:inst2|Acc:inst9|mux4to1:inst12|inst9         ; |schemetic|LAB4:inst2|Acc:inst9|mux4to1:inst12|inst9         ; out0             ;
; |schemetic|LAB4:inst2|Acc:inst9|mux4to1:inst12|inst10        ; |schemetic|LAB4:inst2|Acc:inst9|mux4to1:inst12|inst10        ; out0             ;
; |schemetic|LAB4:inst2|TRI8bit:inst3|inst1                    ; |schemetic|LAB4:inst2|TRI8bit:inst3|inst1                    ; out              ;
; |schemetic|LAB4:inst2|TRI8bit:inst3|inst2                    ; |schemetic|LAB4:inst2|TRI8bit:inst3|inst2                    ; out              ;
; |schemetic|LAB4:inst2|regcounter:inst13|inst18               ; |schemetic|LAB4:inst2|regcounter:inst13|inst18               ; regout           ;
; |schemetic|LAB4:inst2|regcounter:inst13|inst21               ; |schemetic|LAB4:inst2|regcounter:inst13|inst21               ; regout           ;
; |schemetic|LAB4:inst2|regcounter:inst13|inst24               ; |schemetic|LAB4:inst2|regcounter:inst13|inst24               ; regout           ;
; |schemetic|LAB4:inst2|regcounter:inst13|inst27               ; |schemetic|LAB4:inst2|regcounter:inst13|inst27               ; regout           ;
; |schemetic|LAB4:inst2|regcounter:inst13|inst30               ; |schemetic|LAB4:inst2|regcounter:inst13|inst30               ; regout           ;
; |schemetic|LAB4:inst2|regcounter:inst13|inst33               ; |schemetic|LAB4:inst2|regcounter:inst13|inst33               ; regout           ;
; |schemetic|LAB4:inst2|regcounter:inst13|Mux2to1:inst32|inst1 ; |schemetic|LAB4:inst2|regcounter:inst13|Mux2to1:inst32|inst1 ; out0             ;
; |schemetic|LAB4:inst2|regcounter:inst13|Mux2to1:inst29|inst1 ; |schemetic|LAB4:inst2|regcounter:inst13|Mux2to1:inst29|inst1 ; out0             ;
; |schemetic|LAB4:inst2|regcounter:inst13|Mux2to1:inst26|inst1 ; |schemetic|LAB4:inst2|regcounter:inst13|Mux2to1:inst26|inst1 ; out0             ;
; |schemetic|LAB4:inst2|regcounter:inst13|Mux2to1:inst23|inst1 ; |schemetic|LAB4:inst2|regcounter:inst13|Mux2to1:inst23|inst1 ; out0             ;
; |schemetic|LAB4:inst2|regcounter:inst13|Mux2to1:inst20|inst1 ; |schemetic|LAB4:inst2|regcounter:inst13|Mux2to1:inst20|inst1 ; out0             ;
; |schemetic|LAB4:inst2|regcounter:inst13|Mux2to1:inst16|inst1 ; |schemetic|LAB4:inst2|regcounter:inst13|Mux2to1:inst16|inst1 ; out0             ;
; |schemetic|LAB4:inst2|regcounter:inst13|HAS:inst34|inst1     ; |schemetic|LAB4:inst2|regcounter:inst13|HAS:inst34|inst1     ; out0             ;
+--------------------------------------------------------------+--------------------------------------------------------------+------------------+


+---------------------+
; Simulator INI Usage ;
+--------+------------+
; Option ; Usage      ;
+--------+------------+


+--------------------+
; Simulator Messages ;
+--------------------+
Info: *******************************************************************
Info: Running Quartus II 64-Bit Simulator
    Info: Version 13.0.1 Build 232 06/12/2013 Service Pack 1 SJ Web Edition
    Info: Processing started: Mon Nov 24 10:37:27 2025
Info: Command: quartus_sim --simulation_results_format=VWF LAB4 -c LAB4
Info (324025): Using vector source file "D:/UIT/TKLLS/LAB4/output_files/test.vwf"
Info (310003): Option to preserve fewer signal transitions to reduce memory requirements is enabled
    Info (310004): Simulation has been partitioned into sub-simulations according to the maximum transition count determined by the engine. Transitions from memory will be flushed out to disk at the end of each sub-simulation to reduce memory requirements.
Info (310002): Simulation partitioned into 1 sub-simulations
Info (328053): Simulation coverage is      54.02 %
Info (328052): Number of transitions in simulation is 568
Info (324045): Vector file LAB4.sim.vwf is saved in VWF text format. You can compress it into CVWF format in order to reduce file size. For more details please refer to the Quartus II Help.
Info: Quartus II 64-Bit Simulator was successful. 0 errors, 0 warnings
    Info: Peak virtual memory: 4451 megabytes
    Info: Processing ended: Mon Nov 24 10:37:28 2025
    Info: Elapsed time: 00:00:01
    Info: Total CPU time (on all processors): 00:00:00


