Analysis & Synthesis report for Lab3
Thu Oct 30 23:07:17 2025
Quartus II 64-Bit Version 13.0.1 Build 232 06/12/2013 Service Pack 1 SJ Web Edition


---------------------
; Table of Contents ;
---------------------
  1. Legal Notice
  2. Analysis & Synthesis Summary
  3. Analysis & Synthesis Settings
  4. Parallel Compilation
  5. Analysis & Synthesis Messages



----------------
; Legal Notice ;
----------------
Copyright (C) 1991-2013 Altera Corporation
Your use of Altera Corporation's design tools, logic functions 
and other software and tools, and its AMPP partner logic 
functions, and any output files from any of the foregoing 
(including device programming or simulation files), and any 
associated documentation or information are expressly subject 
to the terms and conditions of the Altera Program License 
Subscription Agreement, Altera MegaCore Function License 
Agreement, or other applicable license agreement, including, 
without limitation, that your use is for the sole purpose of 
programming logic devices manufactured by Altera and sold by 
Altera or its authorized distributors.  Please refer to the 
applicable agreement for further details.



+--------------------------------------------------------------------------------------+
; Analysis & Synthesis Summary                                                         ;
+------------------------------------+-------------------------------------------------+
; Analysis & Synthesis Status        ; Failed - Thu Oct 30 23:07:17 2025               ;
; Quartus II 64-Bit Version          ; 13.0.1 Build 232 06/12/2013 SP 1 SJ Web Edition ;
; Revision Name                      ; Lab3                                            ;
; Top-level Entity Name              ; Lab3                                            ;
; Family                             ; Cyclone II                                      ;
; Total logic elements               ; N/A until Partition Merge                       ;
;     Total combinational functions  ; N/A until Partition Merge                       ;
;     Dedicated logic registers      ; N/A until Partition Merge                       ;
; Total registers                    ; N/A until Partition Merge                       ;
; Total pins                         ; N/A until Partition Merge                       ;
; Total virtual pins                 ; N/A until Partition Merge                       ;
; Total memory bits                  ; N/A until Partition Merge                       ;
; Embedded Multiplier 9-bit elements ; N/A until Partition Merge                       ;
; Total PLLs                         ; N/A until Partition Merge                       ;
+------------------------------------+-------------------------------------------------+


+----------------------------------------------------------------------------------------------------------------------+
; Analysis & Synthesis Settings                                                                                        ;
+----------------------------------------------------------------------------+--------------------+--------------------+
; Option                                                                     ; Setting            ; Default Value      ;
+----------------------------------------------------------------------------+--------------------+--------------------+
; Device                                                                     ; EP2C35F672C6       ;                    ;
; Top-level entity name                                                      ; Lab3               ; Lab3               ;
; Family name                                                                ; Cyclone II         ; Cyclone IV GX      ;
; Use smart compilation                                                      ; Off                ; Off                ;
; Enable parallel Assembler and TimeQuest Timing Analyzer during compilation ; On                 ; On                 ;
; Enable compact report table                                                ; Off                ; Off                ;
; Restructure Multiplexers                                                   ; Auto               ; Auto               ;
; Create Debugging Nodes for IP Cores                                        ; Off                ; Off                ;
; Preserve fewer node names                                                  ; On                 ; On                 ;
; Disable OpenCore Plus hardware evaluation                                  ; Off                ; Off                ;
; Verilog Version                                                            ; Verilog_2001       ; Verilog_2001       ;
; VHDL Version                                                               ; VHDL_1993          ; VHDL_1993          ;
; State Machine Processing                                                   ; Auto               ; Auto               ;
; Safe State Machine                                                         ; Off                ; Off                ;
; Extract Verilog State Machines                                             ; On                 ; On                 ;
; Extract VHDL State Machines                                                ; On                 ; On                 ;
; Ignore Verilog initial constructs                                          ; Off                ; Off                ;
; Iteration limit for constant Verilog loops                                 ; 5000               ; 5000               ;
; Iteration limit for non-constant Verilog loops                             ; 250                ; 250                ;
; Add Pass-Through Logic to Inferred RAMs                                    ; On                 ; On                 ;
; Infer RAMs from Raw Logic                                                  ; On                 ; On                 ;
; Parallel Synthesis                                                         ; On                 ; On                 ;
; DSP Block Balancing                                                        ; Auto               ; Auto               ;
; NOT Gate Push-Back                                                         ; On                 ; On                 ;
; Power-Up Don't Care                                                        ; On                 ; On                 ;
; Remove Redundant Logic Cells                                               ; Off                ; Off                ;
; Remove Duplicate Registers                                                 ; On                 ; On                 ;
; Ignore CARRY Buffers                                                       ; Off                ; Off                ;
; Ignore CASCADE Buffers                                                     ; Off                ; Off                ;
; Ignore GLOBAL Buffers                                                      ; Off                ; Off                ;
; Ignore ROW GLOBAL Buffers                                                  ; Off                ; Off                ;
; Ignore LCELL Buffers                                                       ; Off                ; Off                ;
; Ignore SOFT Buffers                                                        ; On                 ; On                 ;
; Limit AHDL Integers to 32 Bits                                             ; Off                ; Off                ;
; Optimization Technique                                                     ; Balanced           ; Balanced           ;
; Carry Chain Length                                                         ; 70                 ; 70                 ;
; Auto Carry Chains                                                          ; On                 ; On                 ;
; Auto Open-Drain Pins                                                       ; On                 ; On                 ;
; Perform WYSIWYG Primitive Resynthesis                                      ; Off                ; Off                ;
; Auto ROM Replacement                                                       ; On                 ; On                 ;
; Auto RAM Replacement                                                       ; On                 ; On                 ;
; Auto Shift Register Replacement                                            ; Auto               ; Auto               ;
; Allow Shift Register Merging across Hierarchies                            ; Auto               ; Auto               ;
; Auto Clock Enable Replacement                                              ; On                 ; On                 ;
; Strict RAM Replacement                                                     ; Off                ; Off                ;
; Allow Synchronous Control Signals                                          ; On                 ; On                 ;
; Force Use of Synchronous Clear Signals                                     ; Off                ; Off                ;
; Auto RAM to Logic Cell Conversion                                          ; Off                ; Off                ;
; Auto Resource Sharing                                                      ; Off                ; Off                ;
; Allow Any RAM Size For Recognition                                         ; Off                ; Off                ;
; Allow Any ROM Size For Recognition                                         ; Off                ; Off                ;
; Allow Any Shift Register Size For Recognition                              ; Off                ; Off                ;
; Use LogicLock Constraints during Resource Balancing                        ; On                 ; On                 ;
; Ignore translate_off and synthesis_off directives                          ; Off                ; Off                ;
; Timing-Driven Synthesis                                                    ; Off                ; Off                ;
; Report Parameter Settings                                                  ; On                 ; On                 ;
; Report Source Assignments                                                  ; On                 ; On                 ;
; Report Connectivity Checks                                                 ; On                 ; On                 ;
; Ignore Maximum Fan-Out Assignments                                         ; Off                ; Off                ;
; Synchronization Register Chain Length                                      ; 2                  ; 2                  ;
; PowerPlay Power Optimization                                               ; Normal compilation ; Normal compilation ;
; HDL message level                                                          ; Level2             ; Level2             ;
; Suppress Register Optimization Related Messages                            ; Off                ; Off                ;
; Number of Removed Registers Reported in Synthesis Report                   ; 5000               ; 5000               ;
; Number of Swept Nodes Reported in Synthesis Report                         ; 5000               ; 5000               ;
; Number of Inverted Registers Reported in Synthesis Report                  ; 100                ; 100                ;
; Clock MUX Protection                                                       ; On                 ; On                 ;
; Auto Gated Clock Conversion                                                ; Off                ; Off                ;
; Block Design Naming                                                        ; Auto               ; Auto               ;
; SDC constraint protection                                                  ; Off                ; Off                ;
; Synthesis Effort                                                           ; Auto               ; Auto               ;
; Shift Register Replacement - Allow Asynchronous Clear Signal               ; On                 ; On                 ;
; Pre-Mapping Resynthesis Optimization                                       ; Off                ; Off                ;
; Analysis & Synthesis Message Level                                         ; Medium             ; Medium             ;
; Disable Register Merging Across Hierarchies                                ; Auto               ; Auto               ;
; Resource Aware Inference For Block RAM                                     ; On                 ; On                 ;
; Synthesis Seed                                                             ; 1                  ; 1                  ;
+----------------------------------------------------------------------------+--------------------+--------------------+


Parallel compilation was disabled, but you have multiple processors available. Enable parallel compilation to reduce compilation time.
+-------------------------------------+
; Parallel Compilation                ;
+----------------------------+--------+
; Processors                 ; Number ;
+----------------------------+--------+
; Number detected on machine ; 20     ;
; Maximum allowed            ; 1      ;
+----------------------------+--------+


+-------------------------------+
; Analysis & Synthesis Messages ;
+-------------------------------+
Info: *******************************************************************
Info: Running Quartus II 64-Bit Analysis & Synthesis
    Info: Version 13.0.1 Build 232 06/12/2013 Service Pack 1 SJ Web Edition
    Info: Processing started: Thu Oct 30 23:07:16 2025
Info: Command: quartus_map --read_settings_files=on --write_settings_files=off Lab3 -c Lab3
Warning (20028): Parallel compilation is not licensed and has been disabled
Info (12021): Found 2 design units, including 1 entities, in source file sr4bit.vhd
    Info (12022): Found design unit 1: SR4bit-bdf_type
    Info (12023): Found entity 1: SR4bit
Info (12021): Found 2 design units, including 1 entities, in source file multiplicant.vhd
    Info (12022): Found design unit 1: multiplicant-bdf_type
    Info (12023): Found entity 1: multiplicant
Info (12021): Found 2 design units, including 1 entities, in source file lab3_1.vhd
    Info (12022): Found design unit 1: LAB3_1-bdf_type
    Info (12023): Found entity 1: LAB3_1
Info (12021): Found 2 design units, including 1 entities, in source file lab3.vhd
    Info (12022): Found design unit 1: Lab3-bdf_type
    Info (12023): Found entity 1: Lab3
Info (12021): Found 2 design units, including 1 entities, in source file alu4bit.vhd
    Info (12022): Found design unit 1: ALU4bit-bdf_type
    Info (12023): Found entity 1: ALU4bit
Info (12021): Found 1 design units, including 1 entities, in source file mux8to1.bdf
    Info (12023): Found entity 1: mux8to1
Info (12021): Found 1 design units, including 1 entities, in source file fulladder.bdf
    Info (12023): Found entity 1: FullAdder
Info (12021): Found 1 design units, including 1 entities, in source file fullsubtractor.bdf
    Info (12023): Found entity 1: FullSubtractor
Info (12021): Found 1 design units, including 1 entities, in source file alu1bit.bdf
    Info (12023): Found entity 1: ALU1bit
Error (12049): Can't compile duplicate declarations of entity "ALU4bit" into library "work"
    Error (12180): Instance could be entity "ALU4bit" in file ALU4bit.vhd compiled in library work File: D:/UIT/TKLLS/LAB3/quartus/ALU4bit.vhd Line: 24
    Error (12180): Instance could be entity "ALU4bit" in file ALU4bit.bdf compiled in library work
Info (12021): Found 1 design units, including 1 entities, in source file alu4bit.bdf
Info (12021): Found 1 design units, including 1 entities, in source file mu2to1.bdf
    Info (12023): Found entity 1: mu2to1
Info (12021): Found 1 design units, including 1 entities, in source file mux4to1.bdf
    Info (12023): Found entity 1: mux4to1
Error (12049): Can't compile duplicate declarations of entity "SR4bit" into library "work"
    Error (12180): Instance could be entity "SR4bit" in file SR4bit.vhd compiled in library work File: D:/UIT/TKLLS/LAB3/quartus/SR4bit.vhd Line: 24
    Error (12180): Instance could be entity "SR4bit" in file SR4bit.bdf compiled in library work
Info (12021): Found 1 design units, including 1 entities, in source file sr4bit.bdf
Error (12049): Can't compile duplicate declarations of entity "multiplicant" into library "work"
    Error (12180): Instance could be entity "multiplicant" in file multiplicant.vhd compiled in library work File: D:/UIT/TKLLS/LAB3/quartus/multiplicant.vhd Line: 24
    Error (12180): Instance could be entity "multiplicant" in file multiplicant.bdf compiled in library work
Info (12021): Found 1 design units, including 1 entities, in source file multiplicant.bdf
Error (12049): Can't compile duplicate declarations of entity "Lab3" into library "work"
    Error (12180): Instance could be entity "Lab3" in file Lab3.vhd compiled in library work File: D:/UIT/TKLLS/LAB3/quartus/Lab3.vhd Line: 24
    Error (12180): Instance could be entity "Lab3" in file Lab3.bdf compiled in library work
Info (12021): Found 1 design units, including 1 entities, in source file lab3.bdf
Info (12021): Found 1 design units, including 1 entities, in source file adder.bdf
    Info (12023): Found entity 1: Adder
Error (12049): Can't compile duplicate declarations of entity "LAB3_1" into library "work"
    Error (12180): Instance could be entity "LAB3_1" in file LAB3_1.vhd compiled in library work File: D:/UIT/TKLLS/LAB3/quartus/LAB3_1.vhd Line: 24
    Error (12180): Instance could be entity "LAB3_1" in file LAB3_1.bdf compiled in library work
Info (12021): Found 1 design units, including 1 entities, in source file lab3_1.bdf
Info (12021): Found 2 design units, including 1 entities, in source file lab3_tb.vhd
    Info (12022): Found design unit 1: lab3_tb-behavior
    Info (12023): Found entity 1: lab3_tb
Error: Quartus II 64-Bit Analysis & Synthesis was unsuccessful. 15 errors, 1 warning
    Error: Peak virtual memory: 4636 megabytes
    Error: Processing ended: Thu Oct 30 23:07:17 2025
    Error: Elapsed time: 00:00:01
    Error: Total CPU time (on all processors): 00:00:01


